

============================== 2024-10-04 13:33:03.886286 | 4a478beb-33fe-45f8-bb46-80f314b084ec ==============================
[0m13:33:03.886299 [info ] [MainThread]: Running with dbt=1.3.0
[0m13:33:03.886665 [debug] [MainThread]: running dbt with arguments {'write_json': True, 'use_colors': True, 'printer_width': 80, 'version_check': True, 'partial_parse': True, 'static_parser': True, 'profiles_dir': '/Users/alexnataf/.dbt', 'send_anonymous_usage_stats': True, 'event_buffer_size': 100000, 'quiet': False, 'no_print': False, 'skip_profile_setup': False, 'which': 'init', 'indirect_selection': 'eager'}
[0m13:33:03.886763 [debug] [MainThread]: Tracking: tracking
[0m13:33:03.931155 [debug] [MainThread]: Sending event: {'category': 'dbt', 'action': 'invocation', 'label': 'start', 'context': [<snowplow_tracker.self_describing_json.SelfDescribingJson object at 0x10f4b5280>, <snowplow_tracker.self_describing_json.SelfDescribingJson object at 0x10f4a2ca0>, <snowplow_tracker.self_describing_json.SelfDescribingJson object at 0x10f4a2c40>]}
[0m13:33:03.932141 [info ] [MainThread]: Creating dbt configuration folder at /Users/alexnataf/.dbt
[0m13:33:03.932611 [info ] [MainThread]: Setting up your profile.
[0m13:34:12.694949 [info ] [MainThread]: Profile learn_done_profile written to /Users/alexnataf/.dbt/profiles.yml using target's profile_template.yml and your supplied values. Run 'dbt debug' to validate the connection.
[0m13:34:12.696619 [debug] [MainThread]: Sending event: {'category': 'dbt', 'action': 'invocation', 'label': 'end', 'context': [<snowplow_tracker.self_describing_json.SelfDescribingJson object at 0x111abd280>, <snowplow_tracker.self_describing_json.SelfDescribingJson object at 0x111abd040>, <snowplow_tracker.self_describing_json.SelfDescribingJson object at 0x111abd100>]}
[0m13:34:12.697308 [debug] [MainThread]: Flushing usage events


============================== 2024-10-04 13:34:27.565644 | 2c8fbab0-975a-48af-8ac9-8d9495152227 ==============================
[0m13:34:27.565662 [info ] [MainThread]: Running with dbt=1.3.0
[0m13:34:27.566012 [debug] [MainThread]: running dbt with arguments {'write_json': True, 'use_colors': True, 'printer_width': 80, 'version_check': True, 'partial_parse': True, 'static_parser': True, 'profiles_dir': '/Users/alexnataf/.dbt', 'send_anonymous_usage_stats': True, 'event_buffer_size': 100000, 'quiet': False, 'no_print': False, 'config_dir': False, 'which': 'debug', 'indirect_selection': 'eager'}
[0m13:34:27.566106 [debug] [MainThread]: Tracking: tracking
[0m13:34:27.606742 [debug] [MainThread]: Sending event: {'category': 'dbt', 'action': 'invocation', 'label': 'start', 'context': [<snowplow_tracker.self_describing_json.SelfDescribingJson object at 0x10d397f70>, <snowplow_tracker.self_describing_json.SelfDescribingJson object at 0x10d397c10>, <snowplow_tracker.self_describing_json.SelfDescribingJson object at 0x10d397fd0>]}
[0m13:34:28.002558 [debug] [MainThread]: Executing "git --help"
[0m13:34:28.028180 [debug] [MainThread]: STDOUT: "b"usage: git [-v | --version] [-h | --help] [-C <path>] [-c <name>=<value>]\n           [--exec-path[=<path>]] [--html-path] [--man-path] [--info-path]\n           [-p | --paginate | -P | --no-pager] [--no-replace-objects] [--bare]\n           [--git-dir=<path>] [--work-tree=<path>] [--namespace=<name>]\n           [--config-env=<name>=<envvar>] <command> [<args>]\n\nThese are common Git commands used in various situations:\n\nstart a working area (see also: git help tutorial)\n   clone     Clone a repository into a new directory\n   init      Create an empty Git repository or reinitialize an existing one\n\nwork on the current change (see also: git help everyday)\n   add       Add file contents to the index\n   mv        Move or rename a file, a directory, or a symlink\n   restore   Restore working tree files\n   rm        Remove files from the working tree and from the index\n\nexamine the history and state (see also: git help revisions)\n   bisect    Use binary search to find the commit that introduced a bug\n   diff      Show changes between commits, commit and working tree, etc\n   grep      Print lines matching a pattern\n   log       Show commit logs\n   show      Show various types of objects\n   status    Show the working tree status\n\ngrow, mark and tweak your common history\n   branch    List, create, or delete branches\n   commit    Record changes to the repository\n   merge     Join two or more development histories together\n   rebase    Reapply commits on top of another base tip\n   reset     Reset current HEAD to the specified state\n   switch    Switch branches\n   tag       Create, list, delete or verify a tag object signed with GPG\n\ncollaborate (see also: git help workflows)\n   fetch     Download objects and refs from another repository\n   pull      Fetch from and integrate with another repository or a local branch\n   push      Update remote refs along with associated objects\n\n'git help -a' and 'git help -g' list available subcommands and some\nconcept guides. See 'git help <command>' or 'git help <concept>'\nto read about a specific subcommand or concept.\nSee 'git help git' for an overview of the system.\n""
[0m13:34:28.028908 [debug] [MainThread]: STDERR: "b''"
[0m13:34:28.176777 [debug] [MainThread]: Acquiring new bigquery connection "debug"
[0m13:34:28.177652 [debug] [MainThread]: Opening a new connection, currently in state init
[0m13:34:28.179929 [debug] [MainThread]: On debug: select 1 as id
[0m13:34:32.613861 [debug] [MainThread]: BigQuery adapter: https://console.cloud.google.com/bigquery?project=side-437613&j=bq:2c7e91a7-f3ab-405f-8879-d088d5c1a4f3:EU&page=queryresults
[0m13:34:32.615329 [debug] [MainThread]: Sending event: {'category': 'dbt', 'action': 'invocation', 'label': 'end', 'context': [<snowplow_tracker.self_describing_json.SelfDescribingJson object at 0x10f9c6c10>, <snowplow_tracker.self_describing_json.SelfDescribingJson object at 0x10f9c6eb0>, <snowplow_tracker.self_describing_json.SelfDescribingJson object at 0x10f9c6fa0>]}
[0m13:34:32.615990 [debug] [MainThread]: Flushing usage events
[0m13:34:33.038193 [debug] [MainThread]: Connection 'debug' was properly closed.
